<soap:Envelope xmlns:soap="http://schemas.xmlsoap.org/soap/envelope/">
</soap:Envelope>
